[2019-12-19 10:07:30,CentralServiceContainer,Initialization,Info] ServiceContainer.ServiceContainer(): Service container starting...
[2019-12-19 10:07:30,CentralServiceContainer,Configuration,Info] ServiceContainer.InitializeComponents(): Initializing component configuration...
[2019-12-19 10:07:30,CentralServiceContainer,Initialization,Info] ServiceContainer.PopulateServiceHostRuntimes(): Creating service host runtimes...
[2019-12-19 10:07:30,CentralServiceContainer,Initialization,Info] ServiceContainer.OrderComponents(): Ordering components for start up...
[2019-12-19 10:07:30,CentralServiceContainer,Initialization,Info] ServiceContainer.Start(): Starting DispatchRestarter...
[2019-12-19 10:07:31,CentralServiceContainer,Initialization,Info] ServiceContainer.Start(): Component DispatchRestarter took 1.0985629 seconds to start
[2019-12-19 10:07:31,CentralServiceContainer,Initialization,Info] ServiceContainer.Start(): Commiting DispatchRestarter...
[2019-12-19 10:11:53,CentralServiceContainer,Initialization,Info] ServiceContainer.Stop(): Uncommiting DispatchRestarter...
[2019-12-19 10:24:01,CentralServiceContainer,Initialization,Info] ServiceContainer.ServiceContainer(): Service container starting...
[2019-12-19 10:24:01,CentralServiceContainer,Configuration,Info] ServiceContainer.InitializeComponents(): Initializing component configuration...
[2019-12-19 10:24:01,CentralServiceContainer,Initialization,Info] ServiceContainer.PopulateServiceHostRuntimes(): Creating service host runtimes...
[2019-12-19 10:24:01,CentralServiceContainer,Initialization,Info] ServiceContainer.OrderComponents(): Ordering components for start up...
[2019-12-19 10:24:01,CentralServiceContainer,Initialization,Info] ServiceContainer.Start(): Starting DispatchRestarter...
[2019-12-19 10:24:02,CentralServiceContainer,Initialization,Info] ServiceContainer.Start(): Component DispatchRestarter took 0.722369 seconds to start
[2019-12-19 10:24:02,CentralServiceContainer,Initialization,Info] ServiceContainer.Start(): Commiting DispatchRestarter...
[2019-12-24 19:40:16,CentralServiceContainer,Initialization,Info] ServiceContainer.Stop(): Uncommiting DispatchRestarter...
[2019-12-24 22:12:50,CentralServiceContainer,Initialization,Info] ServiceContainer.ServiceContainer(): Service container starting...
[2019-12-24 22:12:50,CentralServiceContainer,Configuration,Info] ServiceContainer.InitializeComponents(): Initializing component configuration...
[2019-12-24 22:12:50,CentralServiceContainer,Initialization,Info] ServiceContainer.PopulateServiceHostRuntimes(): Creating service host runtimes...
[2019-12-24 22:12:50,CentralServiceContainer,Initialization,Info] ServiceContainer.OrderComponents(): Ordering components for start up...
[2019-12-24 22:12:50,CentralServiceContainer,Initialization,Info] ServiceContainer.Start(): Starting DispatchRestarter...
[2019-12-24 22:12:51,CentralServiceContainer,Initialization,Info] ServiceContainer.Start(): Component DispatchRestarter took 0.8686844 seconds to start
[2019-12-24 22:12:51,CentralServiceContainer,Initialization,Info] ServiceContainer.Start(): Commiting DispatchRestarter...
[2019-12-26 16:22:28,CentralServiceContainer,Initialization,Info] ServiceContainer.Stop(): Uncommiting DispatchRestarter...
[2019-12-26 16:44:23,CentralServiceContainer,Initialization,Info] ServiceContainer.ServiceContainer(): Service container starting...
[2019-12-26 16:44:23,CentralServiceContainer,Configuration,Info] ServiceContainer.InitializeComponents(): Initializing component configuration...
[2019-12-26 16:44:23,CentralServiceContainer,Initialization,Info] ServiceContainer.PopulateServiceHostRuntimes(): Creating service host runtimes...
[2019-12-26 16:44:23,CentralServiceContainer,Initialization,Info] ServiceContainer.OrderComponents(): Ordering components for start up...
[2019-12-26 16:44:23,CentralServiceContainer,Initialization,Info] ServiceContainer.Start(): Starting DispatchRestarter...
[2019-12-26 16:44:24,CentralServiceContainer,Initialization,Info] ServiceContainer.Start(): Component DispatchRestarter took 0.7520232 seconds to start
[2019-12-26 16:44:24,CentralServiceContainer,Initialization,Info] ServiceContainer.Start(): Commiting DispatchRestarter...
[2019-12-26 18:58:19,CentralServiceContainer,Initialization,Info] ServiceContainer.Stop(): Uncommiting DispatchRestarter...
[2019-12-26 19:05:20,CentralServiceContainer,Initialization,Info] ServiceContainer.ServiceContainer(): Service container starting...
[2019-12-26 19:05:20,CentralServiceContainer,Configuration,Info] ServiceContainer.InitializeComponents(): Initializing component configuration...
[2019-12-26 19:05:20,CentralServiceContainer,Initialization,Info] ServiceContainer.PopulateServiceHostRuntimes(): Creating service host runtimes...
[2019-12-26 19:05:20,CentralServiceContainer,Initialization,Info] ServiceContainer.OrderComponents(): Ordering components for start up...
[2019-12-26 19:05:20,CentralServiceContainer,Initialization,Info] ServiceContainer.Start(): Starting DispatchRestarter...
[2019-12-26 19:05:21,CentralServiceContainer,Initialization,Info] ServiceContainer.Start(): Component DispatchRestarter took 0.7753471 seconds to start
[2019-12-26 19:05:21,CentralServiceContainer,Initialization,Info] ServiceContainer.Start(): Commiting DispatchRestarter...
[2019-12-27 19:46:42,CentralServiceContainer,Initialization,Info] ServiceContainer.Stop(): Uncommiting DispatchRestarter...
[2019-12-27 19:53:49,CentralServiceContainer,Initialization,Info] ServiceContainer.ServiceContainer(): Service container starting...
[2019-12-27 19:53:49,CentralServiceContainer,Configuration,Info] ServiceContainer.InitializeComponents(): Initializing component configuration...
[2019-12-27 19:53:49,CentralServiceContainer,Initialization,Info] ServiceContainer.PopulateServiceHostRuntimes(): Creating service host runtimes...
[2019-12-27 19:53:49,CentralServiceContainer,Initialization,Info] ServiceContainer.OrderComponents(): Ordering components for start up...
[2019-12-27 19:53:49,CentralServiceContainer,Initialization,Info] ServiceContainer.Start(): Starting DispatchRestarter...
[2019-12-27 19:53:50,CentralServiceContainer,Initialization,Info] ServiceContainer.Start(): Component DispatchRestarter took 0.7975251 seconds to start
[2019-12-27 19:53:50,CentralServiceContainer,Initialization,Info] ServiceContainer.Start(): Commiting DispatchRestarter...
[2019-12-30 07:49:02,CentralServiceContainer,Initialization,Info] ServiceContainer.Stop(): Uncommiting DispatchRestarter...
[2019-12-30 07:57:20,CentralServiceContainer,Initialization,Info] ServiceContainer.ServiceContainer(): Service container starting...
[2019-12-30 07:57:20,CentralServiceContainer,Configuration,Info] ServiceContainer.InitializeComponents(): Initializing component configuration...
[2019-12-30 07:57:20,CentralServiceContainer,Initialization,Info] ServiceContainer.PopulateServiceHostRuntimes(): Creating service host runtimes...
[2019-12-30 07:57:20,CentralServiceContainer,Initialization,Info] ServiceContainer.OrderComponents(): Ordering components for start up...
[2019-12-30 07:57:20,CentralServiceContainer,Initialization,Info] ServiceContainer.Start(): Starting DispatchRestarter...
[2019-12-30 07:57:21,CentralServiceContainer,Initialization,Info] ServiceContainer.Start(): Component DispatchRestarter took 0.8261534 seconds to start
[2019-12-30 07:57:21,CentralServiceContainer,Initialization,Info] ServiceContainer.Start(): Commiting DispatchRestarter...
[2019-12-30 07:58:17,CentralServiceContainer,Initialization,Info] ServiceContainer.Stop(): Uncommiting DispatchRestarter...
[2019-12-30 08:04:11,CentralServiceContainer,Initialization,Info] ServiceContainer.ServiceContainer(): Service container starting...
[2019-12-30 08:04:11,CentralServiceContainer,Configuration,Info] ServiceContainer.InitializeComponents(): Initializing component configuration...
[2019-12-30 08:04:11,CentralServiceContainer,Initialization,Info] ServiceContainer.PopulateServiceHostRuntimes(): Creating service host runtimes...
[2019-12-30 08:04:11,CentralServiceContainer,Initialization,Info] ServiceContainer.OrderComponents(): Ordering components for start up...
[2019-12-30 08:04:11,CentralServiceContainer,Initialization,Info] ServiceContainer.Start(): Starting DispatchRestarter...
[2019-12-30 08:04:12,CentralServiceContainer,Initialization,Info] ServiceContainer.Start(): Component DispatchRestarter took 0.7882114 seconds to start
[2019-12-30 08:04:12,CentralServiceContainer,Initialization,Info] ServiceContainer.Start(): Commiting DispatchRestarter...
[2020-01-16 10:03:56,CentralServiceContainer,Initialization,Info] ServiceContainer.Stop(): Uncommiting DispatchRestarter...
[2020-01-16 10:08:41,CentralServiceContainer,Initialization,Info] ServiceContainer.ServiceContainer(): Service container starting...
[2020-01-16 10:08:41,CentralServiceContainer,Configuration,Info] ServiceContainer.InitializeComponents(): Initializing component configuration...
[2020-01-16 10:08:41,CentralServiceContainer,Initialization,Info] ServiceContainer.PopulateServiceHostRuntimes(): Creating service host runtimes...
[2020-01-16 10:08:41,CentralServiceContainer,Initialization,Info] ServiceContainer.OrderComponents(): Ordering components for start up...
[2020-01-16 10:08:41,CentralServiceContainer,Initialization,Info] ServiceContainer.Start(): Starting DispatchRestarter...
[2020-01-16 10:08:42,CentralServiceContainer,Initialization,Info] ServiceContainer.Start(): Component DispatchRestarter took 0.7749803 seconds to start
[2020-01-16 10:08:42,CentralServiceContainer,Initialization,Info] ServiceContainer.Start(): Commiting DispatchRestarter...
[2020-01-21 09:11:23,CentralServiceContainer,Initialization,Info] ServiceContainer.Stop(): Uncommiting DispatchRestarter...
[2020-01-21 09:15:37,CentralServiceContainer,Initialization,Info] ServiceContainer.ServiceContainer(): Service container starting...
[2020-01-21 09:15:37,CentralServiceContainer,Configuration,Info] ServiceContainer.InitializeComponents(): Initializing component configuration...
[2020-01-21 09:15:37,CentralServiceContainer,Initialization,Info] ServiceContainer.PopulateServiceHostRuntimes(): Creating service host runtimes...
[2020-01-21 09:15:37,CentralServiceContainer,Initialization,Info] ServiceContainer.OrderComponents(): Ordering components for start up...
[2020-01-21 09:15:37,CentralServiceContainer,Initialization,Info] ServiceContainer.Start(): Starting DispatchRestarter...
[2020-01-21 09:15:38,CentralServiceContainer,Initialization,Info] ServiceContainer.Start(): Component DispatchRestarter took 0.7443525 seconds to start
[2020-01-21 09:15:38,CentralServiceContainer,Initialization,Info] ServiceContainer.Start(): Commiting DispatchRestarter...
[2020-01-28 09:00:32,CentralServiceContainer,Initialization,Info] ServiceContainer.Stop(): Uncommiting DispatchRestarter...
[2020-01-28 09:33:51,CentralServiceContainer,Initialization,Info] ServiceContainer.ServiceContainer(): Service container starting...
[2020-01-28 09:33:51,CentralServiceContainer,Configuration,Info] ServiceContainer.InitializeComponents(): Initializing component configuration...
[2020-01-28 09:33:51,CentralServiceContainer,Initialization,Info] ServiceContainer.PopulateServiceHostRuntimes(): Creating service host runtimes...
[2020-01-28 09:33:51,CentralServiceContainer,Initialization,Info] ServiceContainer.OrderComponents(): Ordering components for start up...
[2020-01-28 09:33:51,CentralServiceContainer,Initialization,Info] ServiceContainer.Start(): Starting DispatchRestarter...
[2020-01-28 09:33:52,CentralServiceContainer,Initialization,Info] ServiceContainer.Start(): Component DispatchRestarter took 0.8250093 seconds to start
[2020-01-28 09:33:52,CentralServiceContainer,Initialization,Info] ServiceContainer.Start(): Commiting DispatchRestarter...
[2020-01-31 10:56:00,CentralServiceContainer,Initialization,Info] ServiceContainer.Stop(): Uncommiting DispatchRestarter...
[2020-01-31 11:02:05,CentralServiceContainer,Initialization,Info] ServiceContainer.ServiceContainer(): Service container starting...
[2020-01-31 11:02:05,CentralServiceContainer,Configuration,Info] ServiceContainer.InitializeComponents(): Initializing component configuration...
[2020-01-31 11:02:05,CentralServiceContainer,Initialization,Info] ServiceContainer.PopulateServiceHostRuntimes(): Creating service host runtimes...
[2020-01-31 11:02:05,CentralServiceContainer,Initialization,Info] ServiceContainer.OrderComponents(): Ordering components for start up...
[2020-01-31 11:02:05,CentralServiceContainer,Initialization,Info] ServiceContainer.Start(): Starting DispatchRestarter...
[2020-01-31 11:02:06,CentralServiceContainer,Initialization,Info] ServiceContainer.Start(): Component DispatchRestarter took 1.0575539 seconds to start
[2020-01-31 11:02:06,CentralServiceContainer,Initialization,Info] ServiceContainer.Start(): Commiting DispatchRestarter...
[2020-02-01 21:28:27,CentralServiceContainer,Initialization,Info] ServiceContainer.Stop(): Uncommiting DispatchRestarter...
[2020-02-01 21:41:29,CentralServiceContainer,Initialization,Info] ServiceContainer.ServiceContainer(): Service container starting...
[2020-02-01 21:41:29,CentralServiceContainer,Configuration,Info] ServiceContainer.InitializeComponents(): Initializing component configuration...
[2020-02-01 21:41:29,CentralServiceContainer,Initialization,Info] ServiceContainer.PopulateServiceHostRuntimes(): Creating service host runtimes...
[2020-02-01 21:41:29,CentralServiceContainer,Initialization,Info] ServiceContainer.OrderComponents(): Ordering components for start up...
[2020-02-01 21:41:29,CentralServiceContainer,Initialization,Info] ServiceContainer.Start(): Starting DispatchRestarter...
[2020-02-01 21:41:30,CentralServiceContainer,Initialization,Info] ServiceContainer.Start(): Component DispatchRestarter took 0.736012 seconds to start
[2020-02-01 21:41:30,CentralServiceContainer,Initialization,Info] ServiceContainer.Start(): Commiting DispatchRestarter...
[2020-02-05 20:45:48,CentralServiceContainer,Initialization,Info] ServiceContainer.Stop(): Uncommiting DispatchRestarter...
[2020-02-05 20:53:40,CentralServiceContainer,Initialization,Info] ServiceContainer.ServiceContainer(): Service container starting...
[2020-02-05 20:53:40,CentralServiceContainer,Configuration,Info] ServiceContainer.InitializeComponents(): Initializing component configuration...
[2020-02-05 20:53:40,CentralServiceContainer,Initialization,Info] ServiceContainer.PopulateServiceHostRuntimes(): Creating service host runtimes...
[2020-02-05 20:53:40,CentralServiceContainer,Initialization,Info] ServiceContainer.OrderComponents(): Ordering components for start up...
[2020-02-05 20:53:40,CentralServiceContainer,Initialization,Info] ServiceContainer.Start(): Starting DispatchRestarter...
[2020-02-05 20:53:41,CentralServiceContainer,Initialization,Info] ServiceContainer.Start(): Component DispatchRestarter took 0.7708029 seconds to start
[2020-02-05 20:53:41,CentralServiceContainer,Initialization,Info] ServiceContainer.Start(): Commiting DispatchRestarter...
[2020-02-14 01:56:57,CentralServiceContainer,Initialization,Info] ServiceContainer.Stop(): Uncommiting DispatchRestarter...
[2020-02-14 02:09:26,CentralServiceContainer,Initialization,Info] ServiceContainer.ServiceContainer(): Service container starting...
[2020-02-14 02:09:26,CentralServiceContainer,Configuration,Info] ServiceContainer.InitializeComponents(): Initializing component configuration...
[2020-02-14 02:09:26,CentralServiceContainer,Initialization,Info] ServiceContainer.PopulateServiceHostRuntimes(): Creating service host runtimes...
[2020-02-14 02:09:26,CentralServiceContainer,Initialization,Info] ServiceContainer.OrderComponents(): Ordering components for start up...
[2020-02-14 02:09:26,CentralServiceContainer,Initialization,Info] ServiceContainer.Start(): Starting DispatchRestarter...
[2020-02-14 02:09:27,CentralServiceContainer,Initialization,Info] ServiceContainer.Start(): Component DispatchRestarter took 0.9629828 seconds to start
[2020-02-14 02:09:27,CentralServiceContainer,Initialization,Info] ServiceContainer.Start(): Commiting DispatchRestarter...
[2020-02-20 09:33:08,CentralServiceContainer,Initialization,Info] ServiceContainer.Stop(): Uncommiting DispatchRestarter...
[2020-02-20 09:38:59,CentralServiceContainer,Initialization,Info] ServiceContainer.ServiceContainer(): Service container starting...
[2020-02-20 09:38:59,CentralServiceContainer,Configuration,Info] ServiceContainer.InitializeComponents(): Initializing component configuration...
[2020-02-20 09:38:59,CentralServiceContainer,Initialization,Info] ServiceContainer.PopulateServiceHostRuntimes(): Creating service host runtimes...
[2020-02-20 09:38:59,CentralServiceContainer,Initialization,Info] ServiceContainer.OrderComponents(): Ordering components for start up...
[2020-02-20 09:38:59,CentralServiceContainer,Initialization,Info] ServiceContainer.Start(): Starting DispatchRestarter...
[2020-02-20 09:39:00,CentralServiceContainer,Initialization,Info] ServiceContainer.Start(): Component DispatchRestarter took 0.8058749 seconds to start
[2020-02-20 09:39:00,CentralServiceContainer,Initialization,Info] ServiceContainer.Start(): Commiting DispatchRestarter...
[2020-02-25 09:05:53,CentralServiceContainer,Initialization,Info] ServiceContainer.Stop(): Uncommiting DispatchRestarter...
[2020-02-25 10:07:56,CentralServiceContainer,Initialization,Info] ServiceContainer.ServiceContainer(): Service container starting...
[2020-02-25 10:07:56,CentralServiceContainer,Configuration,Info] ServiceContainer.InitializeComponents(): Initializing component configuration...
[2020-02-25 10:07:56,CentralServiceContainer,Initialization,Info] ServiceContainer.PopulateServiceHostRuntimes(): Creating service host runtimes...
[2020-02-25 10:07:56,CentralServiceContainer,Initialization,Info] ServiceContainer.OrderComponents(): Ordering components for start up...
[2020-02-25 10:07:56,CentralServiceContainer,Initialization,Info] ServiceContainer.Start(): Starting DispatchRestarter...
[2020-02-25 10:07:57,CentralServiceContainer,Initialization,Info] ServiceContainer.Start(): Component DispatchRestarter took 0.8286012 seconds to start
[2020-02-25 10:07:57,CentralServiceContainer,Initialization,Info] ServiceContainer.Start(): Commiting DispatchRestarter...
[2020-03-11 13:14:38,CentralServiceContainer,Initialization,Info] ServiceContainer.Stop(): Uncommiting DispatchRestarter...
[2020-03-11 13:24:58,CentralServiceContainer,Initialization,Info] ServiceContainer.ServiceContainer(): Service container starting...
[2020-03-11 13:24:58,CentralServiceContainer,Configuration,Info] ServiceContainer.InitializeComponents(): Initializing component configuration...
[2020-03-11 13:24:58,CentralServiceContainer,Initialization,Info] ServiceContainer.PopulateServiceHostRuntimes(): Creating service host runtimes...
[2020-03-11 13:24:58,CentralServiceContainer,Initialization,Info] ServiceContainer.OrderComponents(): Ordering components for start up...
[2020-03-11 13:24:58,CentralServiceContainer,Initialization,Info] ServiceContainer.Start(): Starting DispatchRestarter...
[2020-03-11 13:25:00,CentralServiceContainer,Initialization,Info] ServiceContainer.Start(): Component DispatchRestarter took 0.9686804 seconds to start
[2020-03-11 13:25:00,CentralServiceContainer,Initialization,Info] ServiceContainer.Start(): Commiting DispatchRestarter...
[2020-03-16 10:32:05,CentralServiceContainer,Initialization,Info] ServiceContainer.Stop(): Uncommiting DispatchRestarter...
[2020-03-16 10:39:53,CentralServiceContainer,Initialization,Info] ServiceContainer.ServiceContainer(): Service container starting...
[2020-03-16 10:39:53,CentralServiceContainer,Configuration,Info] ServiceContainer.InitializeComponents(): Initializing component configuration...
[2020-03-16 10:39:53,CentralServiceContainer,Initialization,Info] ServiceContainer.PopulateServiceHostRuntimes(): Creating service host runtimes...
[2020-03-16 10:39:53,CentralServiceContainer,Initialization,Info] ServiceContainer.OrderComponents(): Ordering components for start up...
[2020-03-16 10:39:53,CentralServiceContainer,Initialization,Info] ServiceContainer.Start(): Starting DispatchRestarter...
[2020-03-16 10:39:55,CentralServiceContainer,Initialization,Info] ServiceContainer.Start(): Component DispatchRestarter took 1.12815 seconds to start
[2020-03-16 10:39:55,CentralServiceContainer,Initialization,Info] ServiceContainer.Start(): Commiting DispatchRestarter...
[2020-03-24 09:13:28,CentralServiceContainer,Initialization,Info] ServiceContainer.Stop(): Uncommiting DispatchRestarter...
[2020-04-19 07:51:17,CentralServiceContainer,Initialization,Info] ServiceContainer.ServiceContainer(): Service container starting...
[2020-04-19 07:51:17,CentralServiceContainer,Configuration,Info] ServiceContainer.InitializeComponents(): Initializing component configuration...
[2020-04-19 07:51:17,CentralServiceContainer,Initialization,Info] ServiceContainer.PopulateServiceHostRuntimes(): Creating service host runtimes...
[2020-04-19 07:51:17,CentralServiceContainer,Initialization,Info] ServiceContainer.OrderComponents(): Ordering components for start up...
[2020-04-19 07:51:17,CentralServiceContainer,Initialization,Info] ServiceContainer.Start(): Starting DispatchRestarter...
[2020-04-19 07:51:18,CentralServiceContainer,Initialization,Info] ServiceContainer.Start(): Component DispatchRestarter took 0.8135121 seconds to start
[2020-04-19 07:51:18,CentralServiceContainer,Initialization,Info] ServiceContainer.Start(): Commiting DispatchRestarter...
[2020-04-19 10:10:47,CentralServiceContainer,Initialization,Info] ServiceContainer.Stop(): Uncommiting DispatchRestarter...
[2020-04-19 10:19:26,CentralServiceContainer,Initialization,Info] ServiceContainer.ServiceContainer(): Service container starting...
[2020-04-19 10:19:26,CentralServiceContainer,Configuration,Info] ServiceContainer.InitializeComponents(): Initializing component configuration...
[2020-04-19 10:19:26,CentralServiceContainer,Initialization,Info] ServiceContainer.PopulateServiceHostRuntimes(): Creating service host runtimes...
[2020-04-19 10:19:26,CentralServiceContainer,Initialization,Info] ServiceContainer.OrderComponents(): Ordering components for start up...
[2020-04-19 10:19:26,CentralServiceContainer,Initialization,Info] ServiceContainer.Start(): Starting DispatchRestarter...
[2020-04-19 10:19:28,CentralServiceContainer,Initialization,Info] ServiceContainer.Start(): Component DispatchRestarter took 1.0121898 seconds to start
[2020-04-19 10:19:28,CentralServiceContainer,Initialization,Info] ServiceContainer.Start(): Commiting DispatchRestarter...
[2020-04-27 09:32:52,CentralServiceContainer,Initialization,Info] ServiceContainer.Stop(): Uncommiting DispatchRestarter...
[2020-04-27 10:01:12,CentralServiceContainer,Initialization,Info] ServiceContainer.ServiceContainer(): Service container starting...
[2020-04-27 10:01:12,CentralServiceContainer,Configuration,Info] ServiceContainer.InitializeComponents(): Initializing component configuration...
[2020-04-27 10:01:12,CentralServiceContainer,Initialization,Info] ServiceContainer.PopulateServiceHostRuntimes(): Creating service host runtimes...
[2020-04-27 10:01:12,CentralServiceContainer,Initialization,Info] ServiceContainer.OrderComponents(): Ordering components for start up...
[2020-04-27 10:01:12,CentralServiceContainer,Initialization,Info] ServiceContainer.Start(): Starting DispatchRestarter...
[2020-04-27 10:01:13,CentralServiceContainer,Initialization,Info] ServiceContainer.Start(): Component DispatchRestarter took 0.7499798 seconds to start
[2020-04-27 10:01:13,CentralServiceContainer,Initialization,Info] ServiceContainer.Start(): Commiting DispatchRestarter...
[2020-04-27 16:25:55,CentralServiceContainer,Initialization,Info] ServiceContainer.Stop(): Uncommiting DispatchRestarter...
[2020-04-27 17:11:54,CentralServiceContainer,Initialization,Info] ServiceContainer.ServiceContainer(): Service container starting...
[2020-04-27 17:11:54,CentralServiceContainer,Configuration,Info] ServiceContainer.InitializeComponents(): Initializing component configuration...
[2020-04-27 17:11:54,CentralServiceContainer,Initialization,Info] ServiceContainer.PopulateServiceHostRuntimes(): Creating service host runtimes...
[2020-04-27 17:11:54,CentralServiceContainer,Initialization,Info] ServiceContainer.OrderComponents(): Ordering components for start up...
[2020-04-27 17:11:54,CentralServiceContainer,Initialization,Info] ServiceContainer.Start(): Starting DispatchRestarter...
[2020-04-27 17:11:55,CentralServiceContainer,Initialization,Info] ServiceContainer.Start(): Component DispatchRestarter took 0.7423501 seconds to start
[2020-04-27 17:11:55,CentralServiceContainer,Initialization,Info] ServiceContainer.Start(): Commiting DispatchRestarter...
[2020-05-05 08:42:43,CentralServiceContainer,Initialization,Info] ServiceContainer.Stop(): Uncommiting DispatchRestarter...
